<?xml version="1.0" encoding="UTF-8" ?>
<testsuite errors="0" failures="0" hostname="euler-zeroglosa" name="br.zg.trainning.ClassificacaoControllerTests" tests="1" time="1.409" timestamp="2016-04-15T18:50:44">
  <properties />
  <testcase classname="br.zg.trainning.ClassificacaoControllerTests" name="testLanternaValid" time="1.384" />
  <system-out><![CDATA[]]></system-out>
  <system-err><![CDATA[]]></system-err>
</testsuite>
